[2025-10-25 06:40:30] local.ERROR: Class "Intervention\Image\ImageServiceProvider" not found {"exception":"[object] (Error(code: 0): Class \"Intervention\\Image\\ImageServiceProvider\" not found at /Users/versioncontrol/Sites/country-api/vendor/laravel/framework/src/Illuminate/Foundation/ProviderRepository.php:206)
[stacktrace]
#0 /Users/versioncontrol/Sites/country-api/vendor/laravel/framework/src/Illuminate/Foundation/ProviderRepository.php(142): Illuminate\\Foundation\\ProviderRepository->createProvider('Intervention\\\\Im...')
#1 /Users/versioncontrol/Sites/country-api/vendor/laravel/framework/src/Illuminate/Foundation/ProviderRepository.php(61): Illuminate\\Foundation\\ProviderRepository->compileManifest(Array)
#2 /Users/versioncontrol/Sites/country-api/vendor/laravel/framework/src/Illuminate/Foundation/Application.php(832): Illuminate\\Foundation\\ProviderRepository->load(Array)
#3 /Users/versioncontrol/Sites/country-api/vendor/laravel/framework/src/Illuminate/Foundation/Bootstrap/RegisterProviders.php(36): Illuminate\\Foundation\\Application->registerConfiguredProviders()
#4 /Users/versioncontrol/Sites/country-api/vendor/laravel/framework/src/Illuminate/Foundation/Application.php(309): Illuminate\\Foundation\\Bootstrap\\RegisterProviders->bootstrap(Object(Illuminate\\Foundation\\Application))
#5 /Users/versioncontrol/Sites/country-api/vendor/laravel/framework/src/Illuminate/Foundation/Console/Kernel.php(470): Illuminate\\Foundation\\Application->bootstrapWith(Array)
#6 /Users/versioncontrol/Sites/country-api/vendor/laravel/framework/src/Illuminate/Foundation/Console/Kernel.php(194): Illuminate\\Foundation\\Console\\Kernel->bootstrap()
#7 Command line code(1): Illuminate\\Foundation\\Console\\Kernel->handle(Object(Symfony\\Component\\Console\\Input\\ArgvInput), Object(Symfony\\Component\\Console\\Output\\ConsoleOutput))
#8 {main}
"} 
[2025-10-25 06:41:23] local.ERROR: Class "Intervention\Image\ImageServiceProvider" not found {"exception":"[object] (Error(code: 0): Class \"Intervention\\Image\\ImageServiceProvider\" not found at /Users/versioncontrol/Sites/country-api/vendor/laravel/framework/src/Illuminate/Foundation/ProviderRepository.php:206)
[stacktrace]
#0 /Users/versioncontrol/Sites/country-api/vendor/laravel/framework/src/Illuminate/Foundation/ProviderRepository.php(142): Illuminate\\Foundation\\ProviderRepository->createProvider('Intervention\\\\Im...')
#1 /Users/versioncontrol/Sites/country-api/vendor/laravel/framework/src/Illuminate/Foundation/ProviderRepository.php(61): Illuminate\\Foundation\\ProviderRepository->compileManifest(Array)
#2 /Users/versioncontrol/Sites/country-api/vendor/laravel/framework/src/Illuminate/Foundation/Application.php(832): Illuminate\\Foundation\\ProviderRepository->load(Array)
#3 /Users/versioncontrol/Sites/country-api/vendor/laravel/framework/src/Illuminate/Foundation/Bootstrap/RegisterProviders.php(36): Illuminate\\Foundation\\Application->registerConfiguredProviders()
#4 /Users/versioncontrol/Sites/country-api/vendor/laravel/framework/src/Illuminate/Foundation/Application.php(309): Illuminate\\Foundation\\Bootstrap\\RegisterProviders->bootstrap(Object(Illuminate\\Foundation\\Application))
#5 /Users/versioncontrol/Sites/country-api/vendor/laravel/framework/src/Illuminate/Foundation/Console/Kernel.php(470): Illuminate\\Foundation\\Application->bootstrapWith(Array)
#6 /Users/versioncontrol/Sites/country-api/vendor/laravel/framework/src/Illuminate/Foundation/Console/Kernel.php(194): Illuminate\\Foundation\\Console\\Kernel->bootstrap()
#7 Command line code(1): Illuminate\\Foundation\\Console\\Kernel->handle(Object(Symfony\\Component\\Console\\Input\\ArgvInput), Object(Symfony\\Component\\Console\\Output\\ConsoleOutput))
#8 {main}
"} 
[2025-10-25 06:41:23] local.ERROR: Class "Intervention\Image\ImageServiceProvider" not found {"exception":"[object] (Error(code: 0): Class \"Intervention\\Image\\ImageServiceProvider\" not found at /Users/versioncontrol/Sites/country-api/vendor/laravel/framework/src/Illuminate/Foundation/ProviderRepository.php:206)
[stacktrace]
#0 /Users/versioncontrol/Sites/country-api/vendor/laravel/framework/src/Illuminate/Foundation/ProviderRepository.php(142): Illuminate\\Foundation\\ProviderRepository->createProvider('Intervention\\\\Im...')
#1 /Users/versioncontrol/Sites/country-api/vendor/laravel/framework/src/Illuminate/Foundation/ProviderRepository.php(61): Illuminate\\Foundation\\ProviderRepository->compileManifest(Array)
#2 /Users/versioncontrol/Sites/country-api/vendor/laravel/framework/src/Illuminate/Foundation/Application.php(832): Illuminate\\Foundation\\ProviderRepository->load(Array)
#3 /Users/versioncontrol/Sites/country-api/vendor/laravel/framework/src/Illuminate/Foundation/Bootstrap/RegisterProviders.php(36): Illuminate\\Foundation\\Application->registerConfiguredProviders()
#4 /Users/versioncontrol/Sites/country-api/vendor/laravel/framework/src/Illuminate/Foundation/Application.php(309): Illuminate\\Foundation\\Bootstrap\\RegisterProviders->bootstrap(Object(Illuminate\\Foundation\\Application))
#5 /Users/versioncontrol/Sites/country-api/vendor/laravel/framework/src/Illuminate/Foundation/Console/Kernel.php(470): Illuminate\\Foundation\\Application->bootstrapWith(Array)
#6 /Users/versioncontrol/Sites/country-api/vendor/laravel/framework/src/Illuminate/Foundation/Console/Kernel.php(194): Illuminate\\Foundation\\Console\\Kernel->bootstrap()
#7 Command line code(1): Illuminate\\Foundation\\Console\\Kernel->handle(Object(Symfony\\Component\\Console\\Input\\ArgvInput), Object(Symfony\\Component\\Console\\Output\\ConsoleOutput))
#8 {main}
"} 
[2025-10-25 06:41:34] local.ERROR: Class "Intervention\Image\ImageServiceProvider" not found {"exception":"[object] (Error(code: 0): Class \"Intervention\\Image\\ImageServiceProvider\" not found at /Users/versioncontrol/Sites/country-api/vendor/laravel/framework/src/Illuminate/Foundation/ProviderRepository.php:206)
[stacktrace]
#0 /Users/versioncontrol/Sites/country-api/vendor/laravel/framework/src/Illuminate/Foundation/ProviderRepository.php(142): Illuminate\\Foundation\\ProviderRepository->createProvider('Intervention\\\\Im...')
#1 /Users/versioncontrol/Sites/country-api/vendor/laravel/framework/src/Illuminate/Foundation/ProviderRepository.php(61): Illuminate\\Foundation\\ProviderRepository->compileManifest(Array)
#2 /Users/versioncontrol/Sites/country-api/vendor/laravel/framework/src/Illuminate/Foundation/Application.php(832): Illuminate\\Foundation\\ProviderRepository->load(Array)
#3 /Users/versioncontrol/Sites/country-api/vendor/laravel/framework/src/Illuminate/Foundation/Bootstrap/RegisterProviders.php(36): Illuminate\\Foundation\\Application->registerConfiguredProviders()
#4 /Users/versioncontrol/Sites/country-api/vendor/laravel/framework/src/Illuminate/Foundation/Application.php(309): Illuminate\\Foundation\\Bootstrap\\RegisterProviders->bootstrap(Object(Illuminate\\Foundation\\Application))
#5 /Users/versioncontrol/Sites/country-api/vendor/laravel/framework/src/Illuminate/Foundation/Console/Kernel.php(470): Illuminate\\Foundation\\Application->bootstrapWith(Array)
#6 /Users/versioncontrol/Sites/country-api/vendor/laravel/framework/src/Illuminate/Foundation/Console/Kernel.php(194): Illuminate\\Foundation\\Console\\Kernel->bootstrap()
#7 /Users/versioncontrol/Sites/country-api/artisan(35): Illuminate\\Foundation\\Console\\Kernel->handle(Object(Symfony\\Component\\Console\\Input\\ArgvInput), Object(Symfony\\Component\\Console\\Output\\ConsoleOutput))
#8 {main}
"} 
[2025-10-25 06:42:09] local.ERROR: Class "Intervention\Image\ImageServiceProvider" not found {"exception":"[object] (Error(code: 0): Class \"Intervention\\Image\\ImageServiceProvider\" not found at /Users/versioncontrol/Sites/country-api/vendor/laravel/framework/src/Illuminate/Foundation/ProviderRepository.php:206)
[stacktrace]
#0 /Users/versioncontrol/Sites/country-api/vendor/laravel/framework/src/Illuminate/Foundation/ProviderRepository.php(142): Illuminate\\Foundation\\ProviderRepository->createProvider('Intervention\\\\Im...')
#1 /Users/versioncontrol/Sites/country-api/vendor/laravel/framework/src/Illuminate/Foundation/ProviderRepository.php(61): Illuminate\\Foundation\\ProviderRepository->compileManifest(Array)
#2 /Users/versioncontrol/Sites/country-api/vendor/laravel/framework/src/Illuminate/Foundation/Application.php(832): Illuminate\\Foundation\\ProviderRepository->load(Array)
#3 /Users/versioncontrol/Sites/country-api/vendor/laravel/framework/src/Illuminate/Foundation/Bootstrap/RegisterProviders.php(36): Illuminate\\Foundation\\Application->registerConfiguredProviders()
#4 /Users/versioncontrol/Sites/country-api/vendor/laravel/framework/src/Illuminate/Foundation/Application.php(309): Illuminate\\Foundation\\Bootstrap\\RegisterProviders->bootstrap(Object(Illuminate\\Foundation\\Application))
#5 /Users/versioncontrol/Sites/country-api/vendor/laravel/framework/src/Illuminate/Foundation/Console/Kernel.php(470): Illuminate\\Foundation\\Application->bootstrapWith(Array)
#6 /Users/versioncontrol/Sites/country-api/vendor/laravel/framework/src/Illuminate/Foundation/Console/Kernel.php(194): Illuminate\\Foundation\\Console\\Kernel->bootstrap()
#7 /Users/versioncontrol/Sites/country-api/artisan(35): Illuminate\\Foundation\\Console\\Kernel->handle(Object(Symfony\\Component\\Console\\Input\\ArgvInput), Object(Symfony\\Component\\Console\\Output\\ConsoleOutput))
#8 {main}
"} 
[2025-10-25 06:42:23] local.ERROR: Class "Intervention\Image\ImageServiceProvider" not found {"exception":"[object] (Error(code: 0): Class \"Intervention\\Image\\ImageServiceProvider\" not found at /Users/versioncontrol/Sites/country-api/vendor/laravel/framework/src/Illuminate/Foundation/ProviderRepository.php:206)
[stacktrace]
#0 /Users/versioncontrol/Sites/country-api/vendor/laravel/framework/src/Illuminate/Foundation/ProviderRepository.php(142): Illuminate\\Foundation\\ProviderRepository->createProvider('Intervention\\\\Im...')
#1 /Users/versioncontrol/Sites/country-api/vendor/laravel/framework/src/Illuminate/Foundation/ProviderRepository.php(61): Illuminate\\Foundation\\ProviderRepository->compileManifest(Array)
#2 /Users/versioncontrol/Sites/country-api/vendor/laravel/framework/src/Illuminate/Foundation/Application.php(832): Illuminate\\Foundation\\ProviderRepository->load(Array)
#3 /Users/versioncontrol/Sites/country-api/vendor/laravel/framework/src/Illuminate/Foundation/Bootstrap/RegisterProviders.php(36): Illuminate\\Foundation\\Application->registerConfiguredProviders()
#4 /Users/versioncontrol/Sites/country-api/vendor/laravel/framework/src/Illuminate/Foundation/Application.php(309): Illuminate\\Foundation\\Bootstrap\\RegisterProviders->bootstrap(Object(Illuminate\\Foundation\\Application))
#5 /Users/versioncontrol/Sites/country-api/vendor/laravel/framework/src/Illuminate/Foundation/Console/Kernel.php(470): Illuminate\\Foundation\\Application->bootstrapWith(Array)
#6 /Users/versioncontrol/Sites/country-api/vendor/laravel/framework/src/Illuminate/Foundation/Console/Kernel.php(194): Illuminate\\Foundation\\Console\\Kernel->bootstrap()
#7 Command line code(1): Illuminate\\Foundation\\Console\\Kernel->handle(Object(Symfony\\Component\\Console\\Input\\ArgvInput), Object(Symfony\\Component\\Console\\Output\\ConsoleOutput))
#8 {main}
"} 
[2025-10-25 06:42:23] local.ERROR: Class "Intervention\Image\ImageServiceProvider" not found {"exception":"[object] (Error(code: 0): Class \"Intervention\\Image\\ImageServiceProvider\" not found at /Users/versioncontrol/Sites/country-api/vendor/laravel/framework/src/Illuminate/Foundation/ProviderRepository.php:206)
[stacktrace]
#0 /Users/versioncontrol/Sites/country-api/vendor/laravel/framework/src/Illuminate/Foundation/ProviderRepository.php(142): Illuminate\\Foundation\\ProviderRepository->createProvider('Intervention\\\\Im...')
#1 /Users/versioncontrol/Sites/country-api/vendor/laravel/framework/src/Illuminate/Foundation/ProviderRepository.php(61): Illuminate\\Foundation\\ProviderRepository->compileManifest(Array)
#2 /Users/versioncontrol/Sites/country-api/vendor/laravel/framework/src/Illuminate/Foundation/Application.php(832): Illuminate\\Foundation\\ProviderRepository->load(Array)
#3 /Users/versioncontrol/Sites/country-api/vendor/laravel/framework/src/Illuminate/Foundation/Bootstrap/RegisterProviders.php(36): Illuminate\\Foundation\\Application->registerConfiguredProviders()
#4 /Users/versioncontrol/Sites/country-api/vendor/laravel/framework/src/Illuminate/Foundation/Application.php(309): Illuminate\\Foundation\\Bootstrap\\RegisterProviders->bootstrap(Object(Illuminate\\Foundation\\Application))
#5 /Users/versioncontrol/Sites/country-api/vendor/laravel/framework/src/Illuminate/Foundation/Console/Kernel.php(470): Illuminate\\Foundation\\Application->bootstrapWith(Array)
#6 /Users/versioncontrol/Sites/country-api/vendor/laravel/framework/src/Illuminate/Foundation/Console/Kernel.php(194): Illuminate\\Foundation\\Console\\Kernel->bootstrap()
#7 Command line code(1): Illuminate\\Foundation\\Console\\Kernel->handle(Object(Symfony\\Component\\Console\\Input\\ArgvInput), Object(Symfony\\Component\\Console\\Output\\ConsoleOutput))
#8 {main}
"} 
[2025-10-25 06:43:23] local.ERROR: Class "Intervention\Image\ImageServiceProvider" not found {"exception":"[object] (Error(code: 0): Class \"Intervention\\Image\\ImageServiceProvider\" not found at /Users/versioncontrol/Sites/country-api/vendor/laravel/framework/src/Illuminate/Foundation/ProviderRepository.php:206)
[stacktrace]
#0 /Users/versioncontrol/Sites/country-api/vendor/laravel/framework/src/Illuminate/Foundation/ProviderRepository.php(142): Illuminate\\Foundation\\ProviderRepository->createProvider('Intervention\\\\Im...')
#1 /Users/versioncontrol/Sites/country-api/vendor/laravel/framework/src/Illuminate/Foundation/ProviderRepository.php(61): Illuminate\\Foundation\\ProviderRepository->compileManifest(Array)
#2 /Users/versioncontrol/Sites/country-api/vendor/laravel/framework/src/Illuminate/Foundation/Application.php(832): Illuminate\\Foundation\\ProviderRepository->load(Array)
#3 /Users/versioncontrol/Sites/country-api/vendor/laravel/framework/src/Illuminate/Foundation/Bootstrap/RegisterProviders.php(36): Illuminate\\Foundation\\Application->registerConfiguredProviders()
#4 /Users/versioncontrol/Sites/country-api/vendor/laravel/framework/src/Illuminate/Foundation/Application.php(309): Illuminate\\Foundation\\Bootstrap\\RegisterProviders->bootstrap(Object(Illuminate\\Foundation\\Application))
#5 /Users/versioncontrol/Sites/country-api/vendor/laravel/framework/src/Illuminate/Foundation/Console/Kernel.php(470): Illuminate\\Foundation\\Application->bootstrapWith(Array)
#6 /Users/versioncontrol/Sites/country-api/vendor/laravel/framework/src/Illuminate/Foundation/Console/Kernel.php(194): Illuminate\\Foundation\\Console\\Kernel->bootstrap()
#7 Command line code(1): Illuminate\\Foundation\\Console\\Kernel->handle(Object(Symfony\\Component\\Console\\Input\\ArgvInput), Object(Symfony\\Component\\Console\\Output\\ConsoleOutput))
#8 {main}
"} 
[2025-10-25 06:43:23] local.ERROR: Class "Intervention\Image\ImageServiceProvider" not found {"exception":"[object] (Error(code: 0): Class \"Intervention\\Image\\ImageServiceProvider\" not found at /Users/versioncontrol/Sites/country-api/vendor/laravel/framework/src/Illuminate/Foundation/ProviderRepository.php:206)
[stacktrace]
#0 /Users/versioncontrol/Sites/country-api/vendor/laravel/framework/src/Illuminate/Foundation/ProviderRepository.php(142): Illuminate\\Foundation\\ProviderRepository->createProvider('Intervention\\\\Im...')
#1 /Users/versioncontrol/Sites/country-api/vendor/laravel/framework/src/Illuminate/Foundation/ProviderRepository.php(61): Illuminate\\Foundation\\ProviderRepository->compileManifest(Array)
#2 /Users/versioncontrol/Sites/country-api/vendor/laravel/framework/src/Illuminate/Foundation/Application.php(832): Illuminate\\Foundation\\ProviderRepository->load(Array)
#3 /Users/versioncontrol/Sites/country-api/vendor/laravel/framework/src/Illuminate/Foundation/Bootstrap/RegisterProviders.php(36): Illuminate\\Foundation\\Application->registerConfiguredProviders()
#4 /Users/versioncontrol/Sites/country-api/vendor/laravel/framework/src/Illuminate/Foundation/Application.php(309): Illuminate\\Foundation\\Bootstrap\\RegisterProviders->bootstrap(Object(Illuminate\\Foundation\\Application))
#5 /Users/versioncontrol/Sites/country-api/vendor/laravel/framework/src/Illuminate/Foundation/Console/Kernel.php(470): Illuminate\\Foundation\\Application->bootstrapWith(Array)
#6 /Users/versioncontrol/Sites/country-api/vendor/laravel/framework/src/Illuminate/Foundation/Console/Kernel.php(194): Illuminate\\Foundation\\Console\\Kernel->bootstrap()
#7 Command line code(1): Illuminate\\Foundation\\Console\\Kernel->handle(Object(Symfony\\Component\\Console\\Input\\ArgvInput), Object(Symfony\\Component\\Console\\Output\\ConsoleOutput))
#8 {main}
"} 
[2025-10-25 06:44:23] local.ERROR: Class "Intervention\Image\ImageServiceProvider" not found {"exception":"[object] (Error(code: 0): Class \"Intervention\\Image\\ImageServiceProvider\" not found at /Users/versioncontrol/Sites/country-api/vendor/laravel/framework/src/Illuminate/Foundation/ProviderRepository.php:206)
[stacktrace]
#0 /Users/versioncontrol/Sites/country-api/vendor/laravel/framework/src/Illuminate/Foundation/ProviderRepository.php(142): Illuminate\\Foundation\\ProviderRepository->createProvider('Intervention\\\\Im...')
#1 /Users/versioncontrol/Sites/country-api/vendor/laravel/framework/src/Illuminate/Foundation/ProviderRepository.php(61): Illuminate\\Foundation\\ProviderRepository->compileManifest(Array)
#2 /Users/versioncontrol/Sites/country-api/vendor/laravel/framework/src/Illuminate/Foundation/Application.php(832): Illuminate\\Foundation\\ProviderRepository->load(Array)
#3 /Users/versioncontrol/Sites/country-api/vendor/laravel/framework/src/Illuminate/Foundation/Bootstrap/RegisterProviders.php(36): Illuminate\\Foundation\\Application->registerConfiguredProviders()
#4 /Users/versioncontrol/Sites/country-api/vendor/laravel/framework/src/Illuminate/Foundation/Application.php(309): Illuminate\\Foundation\\Bootstrap\\RegisterProviders->bootstrap(Object(Illuminate\\Foundation\\Application))
#5 /Users/versioncontrol/Sites/country-api/vendor/laravel/framework/src/Illuminate/Foundation/Console/Kernel.php(470): Illuminate\\Foundation\\Application->bootstrapWith(Array)
#6 /Users/versioncontrol/Sites/country-api/vendor/laravel/framework/src/Illuminate/Foundation/Console/Kernel.php(194): Illuminate\\Foundation\\Console\\Kernel->bootstrap()
#7 Command line code(1): Illuminate\\Foundation\\Console\\Kernel->handle(Object(Symfony\\Component\\Console\\Input\\ArgvInput), Object(Symfony\\Component\\Console\\Output\\ConsoleOutput))
#8 {main}
"} 
[2025-10-25 06:44:23] local.ERROR: Class "Intervention\Image\ImageServiceProvider" not found {"exception":"[object] (Error(code: 0): Class \"Intervention\\Image\\ImageServiceProvider\" not found at /Users/versioncontrol/Sites/country-api/vendor/laravel/framework/src/Illuminate/Foundation/ProviderRepository.php:206)
[stacktrace]
#0 /Users/versioncontrol/Sites/country-api/vendor/laravel/framework/src/Illuminate/Foundation/ProviderRepository.php(142): Illuminate\\Foundation\\ProviderRepository->createProvider('Intervention\\\\Im...')
#1 /Users/versioncontrol/Sites/country-api/vendor/laravel/framework/src/Illuminate/Foundation/ProviderRepository.php(61): Illuminate\\Foundation\\ProviderRepository->compileManifest(Array)
#2 /Users/versioncontrol/Sites/country-api/vendor/laravel/framework/src/Illuminate/Foundation/Application.php(832): Illuminate\\Foundation\\ProviderRepository->load(Array)
#3 /Users/versioncontrol/Sites/country-api/vendor/laravel/framework/src/Illuminate/Foundation/Bootstrap/RegisterProviders.php(36): Illuminate\\Foundation\\Application->registerConfiguredProviders()
#4 /Users/versioncontrol/Sites/country-api/vendor/laravel/framework/src/Illuminate/Foundation/Application.php(309): Illuminate\\Foundation\\Bootstrap\\RegisterProviders->bootstrap(Object(Illuminate\\Foundation\\Application))
#5 /Users/versioncontrol/Sites/country-api/vendor/laravel/framework/src/Illuminate/Foundation/Console/Kernel.php(470): Illuminate\\Foundation\\Application->bootstrapWith(Array)
#6 /Users/versioncontrol/Sites/country-api/vendor/laravel/framework/src/Illuminate/Foundation/Console/Kernel.php(194): Illuminate\\Foundation\\Console\\Kernel->bootstrap()
#7 Command line code(1): Illuminate\\Foundation\\Console\\Kernel->handle(Object(Symfony\\Component\\Console\\Input\\ArgvInput), Object(Symfony\\Component\\Console\\Output\\ConsoleOutput))
#8 {main}
"} 
[2025-10-25 06:45:23] local.ERROR: Class "Intervention\Image\ImageServiceProvider" not found {"exception":"[object] (Error(code: 0): Class \"Intervention\\Image\\ImageServiceProvider\" not found at /Users/versioncontrol/Sites/country-api/vendor/laravel/framework/src/Illuminate/Foundation/ProviderRepository.php:206)
[stacktrace]
#0 /Users/versioncontrol/Sites/country-api/vendor/laravel/framework/src/Illuminate/Foundation/ProviderRepository.php(142): Illuminate\\Foundation\\ProviderRepository->createProvider('Intervention\\\\Im...')
#1 /Users/versioncontrol/Sites/country-api/vendor/laravel/framework/src/Illuminate/Foundation/ProviderRepository.php(61): Illuminate\\Foundation\\ProviderRepository->compileManifest(Array)
#2 /Users/versioncontrol/Sites/country-api/vendor/laravel/framework/src/Illuminate/Foundation/Application.php(832): Illuminate\\Foundation\\ProviderRepository->load(Array)
#3 /Users/versioncontrol/Sites/country-api/vendor/laravel/framework/src/Illuminate/Foundation/Bootstrap/RegisterProviders.php(36): Illuminate\\Foundation\\Application->registerConfiguredProviders()
#4 /Users/versioncontrol/Sites/country-api/vendor/laravel/framework/src/Illuminate/Foundation/Application.php(309): Illuminate\\Foundation\\Bootstrap\\RegisterProviders->bootstrap(Object(Illuminate\\Foundation\\Application))
#5 /Users/versioncontrol/Sites/country-api/vendor/laravel/framework/src/Illuminate/Foundation/Console/Kernel.php(470): Illuminate\\Foundation\\Application->bootstrapWith(Array)
#6 /Users/versioncontrol/Sites/country-api/vendor/laravel/framework/src/Illuminate/Foundation/Console/Kernel.php(194): Illuminate\\Foundation\\Console\\Kernel->bootstrap()
#7 Command line code(1): Illuminate\\Foundation\\Console\\Kernel->handle(Object(Symfony\\Component\\Console\\Input\\ArgvInput), Object(Symfony\\Component\\Console\\Output\\ConsoleOutput))
#8 {main}
"} 
[2025-10-25 06:45:23] local.ERROR: Class "Intervention\Image\ImageServiceProvider" not found {"exception":"[object] (Error(code: 0): Class \"Intervention\\Image\\ImageServiceProvider\" not found at /Users/versioncontrol/Sites/country-api/vendor/laravel/framework/src/Illuminate/Foundation/ProviderRepository.php:206)
[stacktrace]
#0 /Users/versioncontrol/Sites/country-api/vendor/laravel/framework/src/Illuminate/Foundation/ProviderRepository.php(142): Illuminate\\Foundation\\ProviderRepository->createProvider('Intervention\\\\Im...')
#1 /Users/versioncontrol/Sites/country-api/vendor/laravel/framework/src/Illuminate/Foundation/ProviderRepository.php(61): Illuminate\\Foundation\\ProviderRepository->compileManifest(Array)
#2 /Users/versioncontrol/Sites/country-api/vendor/laravel/framework/src/Illuminate/Foundation/Application.php(832): Illuminate\\Foundation\\ProviderRepository->load(Array)
#3 /Users/versioncontrol/Sites/country-api/vendor/laravel/framework/src/Illuminate/Foundation/Bootstrap/RegisterProviders.php(36): Illuminate\\Foundation\\Application->registerConfiguredProviders()
#4 /Users/versioncontrol/Sites/country-api/vendor/laravel/framework/src/Illuminate/Foundation/Application.php(309): Illuminate\\Foundation\\Bootstrap\\RegisterProviders->bootstrap(Object(Illuminate\\Foundation\\Application))
#5 /Users/versioncontrol/Sites/country-api/vendor/laravel/framework/src/Illuminate/Foundation/Console/Kernel.php(470): Illuminate\\Foundation\\Application->bootstrapWith(Array)
#6 /Users/versioncontrol/Sites/country-api/vendor/laravel/framework/src/Illuminate/Foundation/Console/Kernel.php(194): Illuminate\\Foundation\\Console\\Kernel->bootstrap()
#7 Command line code(1): Illuminate\\Foundation\\Console\\Kernel->handle(Object(Symfony\\Component\\Console\\Input\\ArgvInput), Object(Symfony\\Component\\Console\\Output\\ConsoleOutput))
#8 {main}
"} 
[2025-10-25 06:46:22] local.ERROR: Class "Intervention\Image\ImageServiceProvider" not found {"exception":"[object] (Error(code: 0): Class \"Intervention\\Image\\ImageServiceProvider\" not found at /Users/versioncontrol/Sites/country-api/vendor/laravel/framework/src/Illuminate/Foundation/ProviderRepository.php:206)
[stacktrace]
#0 /Users/versioncontrol/Sites/country-api/vendor/laravel/framework/src/Illuminate/Foundation/ProviderRepository.php(142): Illuminate\\Foundation\\ProviderRepository->createProvider('Intervention\\\\Im...')
#1 /Users/versioncontrol/Sites/country-api/vendor/laravel/framework/src/Illuminate/Foundation/ProviderRepository.php(61): Illuminate\\Foundation\\ProviderRepository->compileManifest(Array)
#2 /Users/versioncontrol/Sites/country-api/vendor/laravel/framework/src/Illuminate/Foundation/Application.php(832): Illuminate\\Foundation\\ProviderRepository->load(Array)
#3 /Users/versioncontrol/Sites/country-api/vendor/laravel/framework/src/Illuminate/Foundation/Bootstrap/RegisterProviders.php(36): Illuminate\\Foundation\\Application->registerConfiguredProviders()
#4 /Users/versioncontrol/Sites/country-api/vendor/laravel/framework/src/Illuminate/Foundation/Application.php(309): Illuminate\\Foundation\\Bootstrap\\RegisterProviders->bootstrap(Object(Illuminate\\Foundation\\Application))
#5 /Users/versioncontrol/Sites/country-api/vendor/laravel/framework/src/Illuminate/Foundation/Console/Kernel.php(470): Illuminate\\Foundation\\Application->bootstrapWith(Array)
#6 /Users/versioncontrol/Sites/country-api/vendor/laravel/framework/src/Illuminate/Foundation/Console/Kernel.php(194): Illuminate\\Foundation\\Console\\Kernel->bootstrap()
#7 Command line code(1): Illuminate\\Foundation\\Console\\Kernel->handle(Object(Symfony\\Component\\Console\\Input\\ArgvInput), Object(Symfony\\Component\\Console\\Output\\ConsoleOutput))
#8 {main}
"} 
[2025-10-25 06:46:23] local.ERROR: Class "Intervention\Image\ImageServiceProvider" not found {"exception":"[object] (Error(code: 0): Class \"Intervention\\Image\\ImageServiceProvider\" not found at /Users/versioncontrol/Sites/country-api/vendor/laravel/framework/src/Illuminate/Foundation/ProviderRepository.php:206)
[stacktrace]
#0 /Users/versioncontrol/Sites/country-api/vendor/laravel/framework/src/Illuminate/Foundation/ProviderRepository.php(142): Illuminate\\Foundation\\ProviderRepository->createProvider('Intervention\\\\Im...')
#1 /Users/versioncontrol/Sites/country-api/vendor/laravel/framework/src/Illuminate/Foundation/ProviderRepository.php(61): Illuminate\\Foundation\\ProviderRepository->compileManifest(Array)
#2 /Users/versioncontrol/Sites/country-api/vendor/laravel/framework/src/Illuminate/Foundation/Application.php(832): Illuminate\\Foundation\\ProviderRepository->load(Array)
#3 /Users/versioncontrol/Sites/country-api/vendor/laravel/framework/src/Illuminate/Foundation/Bootstrap/RegisterProviders.php(36): Illuminate\\Foundation\\Application->registerConfiguredProviders()
#4 /Users/versioncontrol/Sites/country-api/vendor/laravel/framework/src/Illuminate/Foundation/Application.php(309): Illuminate\\Foundation\\Bootstrap\\RegisterProviders->bootstrap(Object(Illuminate\\Foundation\\Application))
#5 /Users/versioncontrol/Sites/country-api/vendor/laravel/framework/src/Illuminate/Foundation/Console/Kernel.php(470): Illuminate\\Foundation\\Application->bootstrapWith(Array)
#6 /Users/versioncontrol/Sites/country-api/vendor/laravel/framework/src/Illuminate/Foundation/Console/Kernel.php(194): Illuminate\\Foundation\\Console\\Kernel->bootstrap()
#7 Command line code(1): Illuminate\\Foundation\\Console\\Kernel->handle(Object(Symfony\\Component\\Console\\Input\\ArgvInput), Object(Symfony\\Component\\Console\\Output\\ConsoleOutput))
#8 {main}
"} 
[2025-10-25 06:46:23] local.ERROR: Class "Intervention\Image\ImageServiceProvider" not found {"exception":"[object] (Error(code: 0): Class \"Intervention\\Image\\ImageServiceProvider\" not found at /Users/versioncontrol/Sites/country-api/vendor/laravel/framework/src/Illuminate/Foundation/ProviderRepository.php:206)
[stacktrace]
#0 /Users/versioncontrol/Sites/country-api/vendor/laravel/framework/src/Illuminate/Foundation/ProviderRepository.php(142): Illuminate\\Foundation\\ProviderRepository->createProvider('Intervention\\\\Im...')
#1 /Users/versioncontrol/Sites/country-api/vendor/laravel/framework/src/Illuminate/Foundation/ProviderRepository.php(61): Illuminate\\Foundation\\ProviderRepository->compileManifest(Array)
#2 /Users/versioncontrol/Sites/country-api/vendor/laravel/framework/src/Illuminate/Foundation/Application.php(832): Illuminate\\Foundation\\ProviderRepository->load(Array)
#3 /Users/versioncontrol/Sites/country-api/vendor/laravel/framework/src/Illuminate/Foundation/Bootstrap/RegisterProviders.php(36): Illuminate\\Foundation\\Application->registerConfiguredProviders()
#4 /Users/versioncontrol/Sites/country-api/vendor/laravel/framework/src/Illuminate/Foundation/Application.php(309): Illuminate\\Foundation\\Bootstrap\\RegisterProviders->bootstrap(Object(Illuminate\\Foundation\\Application))
#5 /Users/versioncontrol/Sites/country-api/vendor/laravel/framework/src/Illuminate/Foundation/Console/Kernel.php(470): Illuminate\\Foundation\\Application->bootstrapWith(Array)
#6 /Users/versioncontrol/Sites/country-api/vendor/laravel/framework/src/Illuminate/Foundation/Console/Kernel.php(194): Illuminate\\Foundation\\Console\\Kernel->bootstrap()
#7 Command line code(1): Illuminate\\Foundation\\Console\\Kernel->handle(Object(Symfony\\Component\\Console\\Input\\ArgvInput), Object(Symfony\\Component\\Console\\Output\\ConsoleOutput))
#8 {main}
"} 
[2025-10-25 07:03:31] local.ERROR: SQLSTATE[08006] [7] connection to server at "localhost" (127.0.0.1), port 5432 failed: FATAL:  database "country_api" does not exist (Connection: pgsql, SQL: select c.relname as name, n.nspname as schema, pg_total_relation_size(c.oid) as size, obj_description(c.oid, 'pg_class') as comment from pg_class c, pg_namespace n where c.relkind in ('r', 'p') and n.oid = c.relnamespace and n.nspname not in ('pg_catalog', 'information_schema') order by c.relname) {"exception":"[object] (Illuminate\\Database\\QueryException(code: 7): SQLSTATE[08006] [7] connection to server at \"localhost\" (127.0.0.1), port 5432 failed: FATAL:  database \"country_api\" does not exist (Connection: pgsql, SQL: select c.relname as name, n.nspname as schema, pg_total_relation_size(c.oid) as size, obj_description(c.oid, 'pg_class') as comment from pg_class c, pg_namespace n where c.relkind in ('r', 'p') and n.oid = c.relnamespace and n.nspname not in ('pg_catalog', 'information_schema') order by c.relname) at /Users/versioncontrol/Sites/country-api/vendor/laravel/framework/src/Illuminate/Database/Connection.php:813)
[stacktrace]
#0 /Users/versioncontrol/Sites/country-api/vendor/laravel/framework/src/Illuminate/Database/Connection.php(767): Illuminate\\Database\\Connection->runQueryCallback('select c.relnam...', Array, Object(Closure))
#1 /Users/versioncontrol/Sites/country-api/vendor/laravel/framework/src/Illuminate/Database/Connection.php(398): Illuminate\\Database\\Connection->run('select c.relnam...', Array, Object(Closure))
#2 /Users/versioncontrol/Sites/country-api/vendor/laravel/framework/src/Illuminate/Database/Connection.php(385): Illuminate\\Database\\Connection->select('select c.relnam...', Array, false)
#3 /Users/versioncontrol/Sites/country-api/vendor/laravel/framework/src/Illuminate/Database/Schema/Builder.php(183): Illuminate\\Database\\Connection->selectFromWriteConnection('select c.relnam...')
#4 /Users/versioncontrol/Sites/country-api/vendor/laravel/framework/src/Illuminate/Database/Schema/PostgresBuilder.php(52): Illuminate\\Database\\Schema\\Builder->getTables()
#5 /Users/versioncontrol/Sites/country-api/vendor/laravel/framework/src/Illuminate/Database/Migrations/DatabaseMigrationRepository.php(184): Illuminate\\Database\\Schema\\PostgresBuilder->hasTable('migrations')
#6 /Users/versioncontrol/Sites/country-api/vendor/laravel/framework/src/Illuminate/Database/Migrations/Migrator.php(689): Illuminate\\Database\\Migrations\\DatabaseMigrationRepository->repositoryExists()
#7 /Users/versioncontrol/Sites/country-api/vendor/laravel/framework/src/Illuminate/Database/Console/Migrations/MigrateCommand.php(161): Illuminate\\Database\\Migrations\\Migrator->repositoryExists()
#8 /Users/versioncontrol/Sites/country-api/vendor/laravel/framework/src/Illuminate/Support/helpers.php(286): Illuminate\\Database\\Console\\Migrations\\MigrateCommand->Illuminate\\Database\\Console\\Migrations\\{closure}(1)
#9 /Users/versioncontrol/Sites/country-api/vendor/laravel/framework/src/Illuminate/Database/Console/Migrations/MigrateCommand.php(161): retry(1, Object(Closure), 0, Object(Closure))
#10 /Users/versioncontrol/Sites/country-api/vendor/laravel/framework/src/Illuminate/Database/Console/Migrations/MigrateCommand.php(137): Illuminate\\Database\\Console\\Migrations\\MigrateCommand->repositoryExists()
#11 /Users/versioncontrol/Sites/country-api/vendor/laravel/framework/src/Illuminate/Database/Console/Migrations/MigrateCommand.php(107): Illuminate\\Database\\Console\\Migrations\\MigrateCommand->prepareDatabase()
#12 /Users/versioncontrol/Sites/country-api/vendor/laravel/framework/src/Illuminate/Database/Migrations/Migrator.php(622): Illuminate\\Database\\Console\\Migrations\\MigrateCommand->Illuminate\\Database\\Console\\Migrations\\{closure}()
#13 /Users/versioncontrol/Sites/country-api/vendor/laravel/framework/src/Illuminate/Database/Console/Migrations/MigrateCommand.php(106): Illuminate\\Database\\Migrations\\Migrator->usingConnection(NULL, Object(Closure))
#14 /Users/versioncontrol/Sites/country-api/vendor/laravel/framework/src/Illuminate/Database/Console/Migrations/MigrateCommand.php(85): Illuminate\\Database\\Console\\Migrations\\MigrateCommand->runMigrations()
#15 /Users/versioncontrol/Sites/country-api/vendor/laravel/framework/src/Illuminate/Container/BoundMethod.php(36): Illuminate\\Database\\Console\\Migrations\\MigrateCommand->handle()
#16 /Users/versioncontrol/Sites/country-api/vendor/laravel/framework/src/Illuminate/Container/Util.php(41): Illuminate\\Container\\BoundMethod::Illuminate\\Container\\{closure}()
#17 /Users/versioncontrol/Sites/country-api/vendor/laravel/framework/src/Illuminate/Container/BoundMethod.php(93): Illuminate\\Container\\Util::unwrapIfClosure(Object(Closure))
#18 /Users/versioncontrol/Sites/country-api/vendor/laravel/framework/src/Illuminate/Container/BoundMethod.php(35): Illuminate\\Container\\BoundMethod::callBoundMethod(Object(Illuminate\\Foundation\\Application), Array, Object(Closure))
#19 /Users/versioncontrol/Sites/country-api/vendor/laravel/framework/src/Illuminate/Container/Container.php(662): Illuminate\\Container\\BoundMethod::call(Object(Illuminate\\Foundation\\Application), Array, Array, NULL)
#20 /Users/versioncontrol/Sites/country-api/vendor/laravel/framework/src/Illuminate/Console/Command.php(212): Illuminate\\Container\\Container->call(Array)
#21 /Users/versioncontrol/Sites/country-api/vendor/symfony/console/Command/Command.php(279): Illuminate\\Console\\Command->execute(Object(Symfony\\Component\\Console\\Input\\ArgvInput), Object(Illuminate\\Console\\OutputStyle))
#22 /Users/versioncontrol/Sites/country-api/vendor/laravel/framework/src/Illuminate/Console/Command.php(181): Symfony\\Component\\Console\\Command\\Command->run(Object(Symfony\\Component\\Console\\Input\\ArgvInput), Object(Illuminate\\Console\\OutputStyle))
#23 /Users/versioncontrol/Sites/country-api/vendor/symfony/console/Application.php(1049): Illuminate\\Console\\Command->run(Object(Symfony\\Component\\Console\\Input\\ArgvInput), Object(Symfony\\Component\\Console\\Output\\ConsoleOutput))
#24 /Users/versioncontrol/Sites/country-api/vendor/symfony/console/Application.php(318): Symfony\\Component\\Console\\Application->doRunCommand(Object(Illuminate\\Database\\Console\\Migrations\\MigrateCommand), Object(Symfony\\Component\\Console\\Input\\ArgvInput), Object(Symfony\\Component\\Console\\Output\\ConsoleOutput))
#25 /Users/versioncontrol/Sites/country-api/vendor/symfony/console/Application.php(169): Symfony\\Component\\Console\\Application->doRun(Object(Symfony\\Component\\Console\\Input\\ArgvInput), Object(Symfony\\Component\\Console\\Output\\ConsoleOutput))
#26 /Users/versioncontrol/Sites/country-api/vendor/laravel/framework/src/Illuminate/Foundation/Console/Kernel.php(196): Symfony\\Component\\Console\\Application->run(Object(Symfony\\Component\\Console\\Input\\ArgvInput), Object(Symfony\\Component\\Console\\Output\\ConsoleOutput))
#27 /Users/versioncontrol/Sites/country-api/artisan(35): Illuminate\\Foundation\\Console\\Kernel->handle(Object(Symfony\\Component\\Console\\Input\\ArgvInput), Object(Symfony\\Component\\Console\\Output\\ConsoleOutput))
#28 {main}

[previous exception] [object] (PDOException(code: 7): SQLSTATE[08006] [7] connection to server at \"localhost\" (127.0.0.1), port 5432 failed: FATAL:  database \"country_api\" does not exist at /Users/versioncontrol/Sites/country-api/vendor/laravel/framework/src/Illuminate/Database/Connectors/Connector.php:65)
[stacktrace]
#0 /Users/versioncontrol/Sites/country-api/vendor/laravel/framework/src/Illuminate/Database/Connectors/Connector.php(65): PDO->__construct('pgsql:host=loca...', 'postgres', Object(SensitiveParameterValue), Array)
#1 /Users/versioncontrol/Sites/country-api/vendor/laravel/framework/src/Illuminate/Database/Connectors/Connector.php(44): Illuminate\\Database\\Connectors\\Connector->createPdoConnection('pgsql:host=loca...', 'postgres', '1234', Array)
#2 /Users/versioncontrol/Sites/country-api/vendor/laravel/framework/src/Illuminate/Database/Connectors/PostgresConnector.php(35): Illuminate\\Database\\Connectors\\Connector->createConnection('pgsql:host=loca...', Array, Array)
#3 /Users/versioncontrol/Sites/country-api/vendor/laravel/framework/src/Illuminate/Database/Connectors/ConnectionFactory.php(185): Illuminate\\Database\\Connectors\\PostgresConnector->connect(Array)
#4 [internal function]: Illuminate\\Database\\Connectors\\ConnectionFactory->Illuminate\\Database\\Connectors\\{closure}()
#5 /Users/versioncontrol/Sites/country-api/vendor/laravel/framework/src/Illuminate/Database/Connection.php(1219): call_user_func(Object(Closure))
#6 /Users/versioncontrol/Sites/country-api/vendor/laravel/framework/src/Illuminate/Database/Connection.php(512): Illuminate\\Database\\Connection->getPdo()
#7 /Users/versioncontrol/Sites/country-api/vendor/laravel/framework/src/Illuminate/Database/Connection.php(407): Illuminate\\Database\\Connection->getPdoForSelect(false)
#8 /Users/versioncontrol/Sites/country-api/vendor/laravel/framework/src/Illuminate/Database/Connection.php(800): Illuminate\\Database\\Connection->Illuminate\\Database\\{closure}('select c.relnam...', Array)
#9 /Users/versioncontrol/Sites/country-api/vendor/laravel/framework/src/Illuminate/Database/Connection.php(767): Illuminate\\Database\\Connection->runQueryCallback('select c.relnam...', Array, Object(Closure))
#10 /Users/versioncontrol/Sites/country-api/vendor/laravel/framework/src/Illuminate/Database/Connection.php(398): Illuminate\\Database\\Connection->run('select c.relnam...', Array, Object(Closure))
#11 /Users/versioncontrol/Sites/country-api/vendor/laravel/framework/src/Illuminate/Database/Connection.php(385): Illuminate\\Database\\Connection->select('select c.relnam...', Array, false)
#12 /Users/versioncontrol/Sites/country-api/vendor/laravel/framework/src/Illuminate/Database/Schema/Builder.php(183): Illuminate\\Database\\Connection->selectFromWriteConnection('select c.relnam...')
#13 /Users/versioncontrol/Sites/country-api/vendor/laravel/framework/src/Illuminate/Database/Schema/PostgresBuilder.php(52): Illuminate\\Database\\Schema\\Builder->getTables()
#14 /Users/versioncontrol/Sites/country-api/vendor/laravel/framework/src/Illuminate/Database/Migrations/DatabaseMigrationRepository.php(184): Illuminate\\Database\\Schema\\PostgresBuilder->hasTable('migrations')
#15 /Users/versioncontrol/Sites/country-api/vendor/laravel/framework/src/Illuminate/Database/Migrations/Migrator.php(689): Illuminate\\Database\\Migrations\\DatabaseMigrationRepository->repositoryExists()
#16 /Users/versioncontrol/Sites/country-api/vendor/laravel/framework/src/Illuminate/Database/Console/Migrations/MigrateCommand.php(161): Illuminate\\Database\\Migrations\\Migrator->repositoryExists()
#17 /Users/versioncontrol/Sites/country-api/vendor/laravel/framework/src/Illuminate/Support/helpers.php(286): Illuminate\\Database\\Console\\Migrations\\MigrateCommand->Illuminate\\Database\\Console\\Migrations\\{closure}(1)
#18 /Users/versioncontrol/Sites/country-api/vendor/laravel/framework/src/Illuminate/Database/Console/Migrations/MigrateCommand.php(161): retry(1, Object(Closure), 0, Object(Closure))
#19 /Users/versioncontrol/Sites/country-api/vendor/laravel/framework/src/Illuminate/Database/Console/Migrations/MigrateCommand.php(137): Illuminate\\Database\\Console\\Migrations\\MigrateCommand->repositoryExists()
#20 /Users/versioncontrol/Sites/country-api/vendor/laravel/framework/src/Illuminate/Database/Console/Migrations/MigrateCommand.php(107): Illuminate\\Database\\Console\\Migrations\\MigrateCommand->prepareDatabase()
#21 /Users/versioncontrol/Sites/country-api/vendor/laravel/framework/src/Illuminate/Database/Migrations/Migrator.php(622): Illuminate\\Database\\Console\\Migrations\\MigrateCommand->Illuminate\\Database\\Console\\Migrations\\{closure}()
#22 /Users/versioncontrol/Sites/country-api/vendor/laravel/framework/src/Illuminate/Database/Console/Migrations/MigrateCommand.php(106): Illuminate\\Database\\Migrations\\Migrator->usingConnection(NULL, Object(Closure))
#23 /Users/versioncontrol/Sites/country-api/vendor/laravel/framework/src/Illuminate/Database/Console/Migrations/MigrateCommand.php(85): Illuminate\\Database\\Console\\Migrations\\MigrateCommand->runMigrations()
#24 /Users/versioncontrol/Sites/country-api/vendor/laravel/framework/src/Illuminate/Container/BoundMethod.php(36): Illuminate\\Database\\Console\\Migrations\\MigrateCommand->handle()
#25 /Users/versioncontrol/Sites/country-api/vendor/laravel/framework/src/Illuminate/Container/Util.php(41): Illuminate\\Container\\BoundMethod::Illuminate\\Container\\{closure}()
#26 /Users/versioncontrol/Sites/country-api/vendor/laravel/framework/src/Illuminate/Container/BoundMethod.php(93): Illuminate\\Container\\Util::unwrapIfClosure(Object(Closure))
#27 /Users/versioncontrol/Sites/country-api/vendor/laravel/framework/src/Illuminate/Container/BoundMethod.php(35): Illuminate\\Container\\BoundMethod::callBoundMethod(Object(Illuminate\\Foundation\\Application), Array, Object(Closure))
#28 /Users/versioncontrol/Sites/country-api/vendor/laravel/framework/src/Illuminate/Container/Container.php(662): Illuminate\\Container\\BoundMethod::call(Object(Illuminate\\Foundation\\Application), Array, Array, NULL)
#29 /Users/versioncontrol/Sites/country-api/vendor/laravel/framework/src/Illuminate/Console/Command.php(212): Illuminate\\Container\\Container->call(Array)
#30 /Users/versioncontrol/Sites/country-api/vendor/symfony/console/Command/Command.php(279): Illuminate\\Console\\Command->execute(Object(Symfony\\Component\\Console\\Input\\ArgvInput), Object(Illuminate\\Console\\OutputStyle))
#31 /Users/versioncontrol/Sites/country-api/vendor/laravel/framework/src/Illuminate/Console/Command.php(181): Symfony\\Component\\Console\\Command\\Command->run(Object(Symfony\\Component\\Console\\Input\\ArgvInput), Object(Illuminate\\Console\\OutputStyle))
#32 /Users/versioncontrol/Sites/country-api/vendor/symfony/console/Application.php(1049): Illuminate\\Console\\Command->run(Object(Symfony\\Component\\Console\\Input\\ArgvInput), Object(Symfony\\Component\\Console\\Output\\ConsoleOutput))
#33 /Users/versioncontrol/Sites/country-api/vendor/symfony/console/Application.php(318): Symfony\\Component\\Console\\Application->doRunCommand(Object(Illuminate\\Database\\Console\\Migrations\\MigrateCommand), Object(Symfony\\Component\\Console\\Input\\ArgvInput), Object(Symfony\\Component\\Console\\Output\\ConsoleOutput))
#34 /Users/versioncontrol/Sites/country-api/vendor/symfony/console/Application.php(169): Symfony\\Component\\Console\\Application->doRun(Object(Symfony\\Component\\Console\\Input\\ArgvInput), Object(Symfony\\Component\\Console\\Output\\ConsoleOutput))
#35 /Users/versioncontrol/Sites/country-api/vendor/laravel/framework/src/Illuminate/Foundation/Console/Kernel.php(196): Symfony\\Component\\Console\\Application->run(Object(Symfony\\Component\\Console\\Input\\ArgvInput), Object(Symfony\\Component\\Console\\Output\\ConsoleOutput))
#36 /Users/versioncontrol/Sites/country-api/artisan(35): Illuminate\\Foundation\\Console\\Kernel->handle(Object(Symfony\\Component\\Console\\Input\\ArgvInput), Object(Symfony\\Component\\Console\\Output\\ConsoleOutput))
#37 {main}
"} 
[2025-10-25 20:50:14] local.ERROR: Call to undefined method Intervention\Image\Image::canvas() {"exception":"[object] (Error(code: 0): Call to undefined method Intervention\\Image\\Image::canvas() at /Users/versioncontrol/Sites/country-api/app/Http/Controllers/CountryController.php:105)
[stacktrace]
#0 /Users/versioncontrol/Sites/country-api/vendor/laravel/framework/src/Illuminate/Database/Concerns/ManagesTransactions.php(30): App\\Http\\Controllers\\CountryController->App\\Http\\Controllers\\{closure}(Object(Illuminate\\Database\\PostgresConnection))
#1 /Users/versioncontrol/Sites/country-api/vendor/laravel/framework/src/Illuminate/Database/DatabaseManager.php(456): Illuminate\\Database\\Connection->transaction(Object(Closure))
#2 /Users/versioncontrol/Sites/country-api/vendor/laravel/framework/src/Illuminate/Support/Facades/Facade.php(357): Illuminate\\Database\\DatabaseManager->__call('transaction', Array)
#3 /Users/versioncontrol/Sites/country-api/app/Http/Controllers/CountryController.php(40): Illuminate\\Support\\Facades\\Facade::__callStatic('transaction', Array)
#4 /Users/versioncontrol/Sites/country-api/vendor/laravel/framework/src/Illuminate/Routing/Controller.php(54): App\\Http\\Controllers\\CountryController->refresh()
#5 /Users/versioncontrol/Sites/country-api/vendor/laravel/framework/src/Illuminate/Routing/ControllerDispatcher.php(43): Illuminate\\Routing\\Controller->callAction('refresh', Array)
#6 /Users/versioncontrol/Sites/country-api/vendor/laravel/framework/src/Illuminate/Routing/Route.php(260): Illuminate\\Routing\\ControllerDispatcher->dispatch(Object(Illuminate\\Routing\\Route), Object(App\\Http\\Controllers\\CountryController), 'refresh')
#7 /Users/versioncontrol/Sites/country-api/vendor/laravel/framework/src/Illuminate/Routing/Route.php(206): Illuminate\\Routing\\Route->runController()
#8 /Users/versioncontrol/Sites/country-api/vendor/laravel/framework/src/Illuminate/Routing/Router.php(806): Illuminate\\Routing\\Route->run()
#9 /Users/versioncontrol/Sites/country-api/vendor/laravel/framework/src/Illuminate/Pipeline/Pipeline.php(144): Illuminate\\Routing\\Router->Illuminate\\Routing\\{closure}(Object(Illuminate\\Http\\Request))
#10 /Users/versioncontrol/Sites/country-api/vendor/laravel/framework/src/Illuminate/Routing/Middleware/SubstituteBindings.php(50): Illuminate\\Pipeline\\Pipeline->Illuminate\\Pipeline\\{closure}(Object(Illuminate\\Http\\Request))
#11 /Users/versioncontrol/Sites/country-api/vendor/laravel/framework/src/Illuminate/Pipeline/Pipeline.php(183): Illuminate\\Routing\\Middleware\\SubstituteBindings->handle(Object(Illuminate\\Http\\Request), Object(Closure))
#12 /Users/versioncontrol/Sites/country-api/vendor/laravel/framework/src/Illuminate/Routing/Middleware/ThrottleRequests.php(159): Illuminate\\Pipeline\\Pipeline->Illuminate\\Pipeline\\{closure}(Object(Illuminate\\Http\\Request))
#13 /Users/versioncontrol/Sites/country-api/vendor/laravel/framework/src/Illuminate/Routing/Middleware/ThrottleRequests.php(90): Illuminate\\Routing\\Middleware\\ThrottleRequests->handleRequest(Object(Illuminate\\Http\\Request), Object(Closure), Array)
#14 /Users/versioncontrol/Sites/country-api/vendor/laravel/framework/src/Illuminate/Pipeline/Pipeline.php(183): Illuminate\\Routing\\Middleware\\ThrottleRequests->handle(Object(Illuminate\\Http\\Request), Object(Closure), '60', '1')
#15 /Users/versioncontrol/Sites/country-api/vendor/laravel/framework/src/Illuminate/Pipeline/Pipeline.php(119): Illuminate\\Pipeline\\Pipeline->Illuminate\\Pipeline\\{closure}(Object(Illuminate\\Http\\Request))
#16 /Users/versioncontrol/Sites/country-api/vendor/laravel/framework/src/Illuminate/Routing/Router.php(805): Illuminate\\Pipeline\\Pipeline->then(Object(Closure))
#17 /Users/versioncontrol/Sites/country-api/vendor/laravel/framework/src/Illuminate/Routing/Router.php(784): Illuminate\\Routing\\Router->runRouteWithinStack(Object(Illuminate\\Routing\\Route), Object(Illuminate\\Http\\Request))
#18 /Users/versioncontrol/Sites/country-api/vendor/laravel/framework/src/Illuminate/Routing/Router.php(748): Illuminate\\Routing\\Router->runRoute(Object(Illuminate\\Http\\Request), Object(Illuminate\\Routing\\Route))
#19 /Users/versioncontrol/Sites/country-api/vendor/laravel/framework/src/Illuminate/Routing/Router.php(737): Illuminate\\Routing\\Router->dispatchToRoute(Object(Illuminate\\Http\\Request))
#20 /Users/versioncontrol/Sites/country-api/vendor/laravel/framework/src/Illuminate/Foundation/Http/Kernel.php(200): Illuminate\\Routing\\Router->dispatch(Object(Illuminate\\Http\\Request))
#21 /Users/versioncontrol/Sites/country-api/vendor/laravel/framework/src/Illuminate/Pipeline/Pipeline.php(144): Illuminate\\Foundation\\Http\\Kernel->Illuminate\\Foundation\\Http\\{closure}(Object(Illuminate\\Http\\Request))
#22 /Users/versioncontrol/Sites/country-api/vendor/laravel/framework/src/Illuminate/Http/Middleware/TrustProxies.php(57): Illuminate\\Pipeline\\Pipeline->Illuminate\\Pipeline\\{closure}(Object(Illuminate\\Http\\Request))
#23 /Users/versioncontrol/Sites/country-api/vendor/laravel/framework/src/Illuminate/Pipeline/Pipeline.php(183): Illuminate\\Http\\Middleware\\TrustProxies->handle(Object(Illuminate\\Http\\Request), Object(Closure))
#24 /Users/versioncontrol/Sites/country-api/vendor/laravel/framework/src/Illuminate/Foundation/Http/Middleware/TransformsRequest.php(21): Illuminate\\Pipeline\\Pipeline->Illuminate\\Pipeline\\{closure}(Object(Illuminate\\Http\\Request))
#25 /Users/versioncontrol/Sites/country-api/vendor/laravel/framework/src/Illuminate/Foundation/Http/Middleware/ConvertEmptyStringsToNull.php(31): Illuminate\\Foundation\\Http\\Middleware\\TransformsRequest->handle(Object(Illuminate\\Http\\Request), Object(Closure))
#26 /Users/versioncontrol/Sites/country-api/vendor/laravel/framework/src/Illuminate/Pipeline/Pipeline.php(183): Illuminate\\Foundation\\Http\\Middleware\\ConvertEmptyStringsToNull->handle(Object(Illuminate\\Http\\Request), Object(Closure))
#27 /Users/versioncontrol/Sites/country-api/vendor/laravel/framework/src/Illuminate/Foundation/Http/Middleware/TransformsRequest.php(21): Illuminate\\Pipeline\\Pipeline->Illuminate\\Pipeline\\{closure}(Object(Illuminate\\Http\\Request))
#28 /Users/versioncontrol/Sites/country-api/vendor/laravel/framework/src/Illuminate/Foundation/Http/Middleware/TrimStrings.php(50): Illuminate\\Foundation\\Http\\Middleware\\TransformsRequest->handle(Object(Illuminate\\Http\\Request), Object(Closure))
#29 /Users/versioncontrol/Sites/country-api/vendor/laravel/framework/src/Illuminate/Pipeline/Pipeline.php(183): Illuminate\\Foundation\\Http\\Middleware\\TrimStrings->handle(Object(Illuminate\\Http\\Request), Object(Closure))
#30 /Users/versioncontrol/Sites/country-api/vendor/laravel/framework/src/Illuminate/Http/Middleware/ValidatePostSize.php(27): Illuminate\\Pipeline\\Pipeline->Illuminate\\Pipeline\\{closure}(Object(Illuminate\\Http\\Request))
#31 /Users/versioncontrol/Sites/country-api/vendor/laravel/framework/src/Illuminate/Pipeline/Pipeline.php(183): Illuminate\\Http\\Middleware\\ValidatePostSize->handle(Object(Illuminate\\Http\\Request), Object(Closure))
#32 /Users/versioncontrol/Sites/country-api/vendor/laravel/framework/src/Illuminate/Foundation/Http/Middleware/PreventRequestsDuringMaintenance.php(103): Illuminate\\Pipeline\\Pipeline->Illuminate\\Pipeline\\{closure}(Object(Illuminate\\Http\\Request))
#33 /Users/versioncontrol/Sites/country-api/vendor/laravel/framework/src/Illuminate/Pipeline/Pipeline.php(183): Illuminate\\Foundation\\Http\\Middleware\\PreventRequestsDuringMaintenance->handle(Object(Illuminate\\Http\\Request), Object(Closure))
#34 /Users/versioncontrol/Sites/country-api/vendor/laravel/framework/src/Illuminate/Pipeline/Pipeline.php(119): Illuminate\\Pipeline\\Pipeline->Illuminate\\Pipeline\\{closure}(Object(Illuminate\\Http\\Request))
#35 /Users/versioncontrol/Sites/country-api/vendor/laravel/framework/src/Illuminate/Foundation/Http/Kernel.php(175): Illuminate\\Pipeline\\Pipeline->then(Object(Closure))
#36 /Users/versioncontrol/Sites/country-api/vendor/laravel/framework/src/Illuminate/Foundation/Http/Kernel.php(144): Illuminate\\Foundation\\Http\\Kernel->sendRequestThroughRouter(Object(Illuminate\\Http\\Request))
#37 /Users/versioncontrol/Sites/country-api/public/index.php(54): Illuminate\\Foundation\\Http\\Kernel->handle(Object(Illuminate\\Http\\Request))
#38 /Users/versioncontrol/Sites/country-api/server.php(21): require_once('/Users/versionc...')
#39 {main}
"} 
[2025-10-25 20:52:42] local.ERROR: Class "Intervention\Image\Facades\Image" not found {"exception":"[object] (Error(code: 0): Class \"Intervention\\Image\\Facades\\Image\" not found at /Users/versioncontrol/Sites/country-api/app/Http/Controllers/CountryController.php:105)
[stacktrace]
#0 /Users/versioncontrol/Sites/country-api/vendor/laravel/framework/src/Illuminate/Database/Concerns/ManagesTransactions.php(30): App\\Http\\Controllers\\CountryController->App\\Http\\Controllers\\{closure}(Object(Illuminate\\Database\\PostgresConnection))
#1 /Users/versioncontrol/Sites/country-api/vendor/laravel/framework/src/Illuminate/Database/DatabaseManager.php(456): Illuminate\\Database\\Connection->transaction(Object(Closure))
#2 /Users/versioncontrol/Sites/country-api/vendor/laravel/framework/src/Illuminate/Support/Facades/Facade.php(357): Illuminate\\Database\\DatabaseManager->__call('transaction', Array)
#3 /Users/versioncontrol/Sites/country-api/app/Http/Controllers/CountryController.php(40): Illuminate\\Support\\Facades\\Facade::__callStatic('transaction', Array)
#4 /Users/versioncontrol/Sites/country-api/vendor/laravel/framework/src/Illuminate/Routing/Controller.php(54): App\\Http\\Controllers\\CountryController->refresh()
#5 /Users/versioncontrol/Sites/country-api/vendor/laravel/framework/src/Illuminate/Routing/ControllerDispatcher.php(43): Illuminate\\Routing\\Controller->callAction('refresh', Array)
#6 /Users/versioncontrol/Sites/country-api/vendor/laravel/framework/src/Illuminate/Routing/Route.php(260): Illuminate\\Routing\\ControllerDispatcher->dispatch(Object(Illuminate\\Routing\\Route), Object(App\\Http\\Controllers\\CountryController), 'refresh')
#7 /Users/versioncontrol/Sites/country-api/vendor/laravel/framework/src/Illuminate/Routing/Route.php(206): Illuminate\\Routing\\Route->runController()
#8 /Users/versioncontrol/Sites/country-api/vendor/laravel/framework/src/Illuminate/Routing/Router.php(806): Illuminate\\Routing\\Route->run()
#9 /Users/versioncontrol/Sites/country-api/vendor/laravel/framework/src/Illuminate/Pipeline/Pipeline.php(144): Illuminate\\Routing\\Router->Illuminate\\Routing\\{closure}(Object(Illuminate\\Http\\Request))
#10 /Users/versioncontrol/Sites/country-api/vendor/laravel/framework/src/Illuminate/Routing/Middleware/SubstituteBindings.php(50): Illuminate\\Pipeline\\Pipeline->Illuminate\\Pipeline\\{closure}(Object(Illuminate\\Http\\Request))
#11 /Users/versioncontrol/Sites/country-api/vendor/laravel/framework/src/Illuminate/Pipeline/Pipeline.php(183): Illuminate\\Routing\\Middleware\\SubstituteBindings->handle(Object(Illuminate\\Http\\Request), Object(Closure))
#12 /Users/versioncontrol/Sites/country-api/vendor/laravel/framework/src/Illuminate/Routing/Middleware/ThrottleRequests.php(159): Illuminate\\Pipeline\\Pipeline->Illuminate\\Pipeline\\{closure}(Object(Illuminate\\Http\\Request))
#13 /Users/versioncontrol/Sites/country-api/vendor/laravel/framework/src/Illuminate/Routing/Middleware/ThrottleRequests.php(90): Illuminate\\Routing\\Middleware\\ThrottleRequests->handleRequest(Object(Illuminate\\Http\\Request), Object(Closure), Array)
#14 /Users/versioncontrol/Sites/country-api/vendor/laravel/framework/src/Illuminate/Pipeline/Pipeline.php(183): Illuminate\\Routing\\Middleware\\ThrottleRequests->handle(Object(Illuminate\\Http\\Request), Object(Closure), '60', '1')
#15 /Users/versioncontrol/Sites/country-api/vendor/laravel/framework/src/Illuminate/Pipeline/Pipeline.php(119): Illuminate\\Pipeline\\Pipeline->Illuminate\\Pipeline\\{closure}(Object(Illuminate\\Http\\Request))
#16 /Users/versioncontrol/Sites/country-api/vendor/laravel/framework/src/Illuminate/Routing/Router.php(805): Illuminate\\Pipeline\\Pipeline->then(Object(Closure))
#17 /Users/versioncontrol/Sites/country-api/vendor/laravel/framework/src/Illuminate/Routing/Router.php(784): Illuminate\\Routing\\Router->runRouteWithinStack(Object(Illuminate\\Routing\\Route), Object(Illuminate\\Http\\Request))
#18 /Users/versioncontrol/Sites/country-api/vendor/laravel/framework/src/Illuminate/Routing/Router.php(748): Illuminate\\Routing\\Router->runRoute(Object(Illuminate\\Http\\Request), Object(Illuminate\\Routing\\Route))
#19 /Users/versioncontrol/Sites/country-api/vendor/laravel/framework/src/Illuminate/Routing/Router.php(737): Illuminate\\Routing\\Router->dispatchToRoute(Object(Illuminate\\Http\\Request))
#20 /Users/versioncontrol/Sites/country-api/vendor/laravel/framework/src/Illuminate/Foundation/Http/Kernel.php(200): Illuminate\\Routing\\Router->dispatch(Object(Illuminate\\Http\\Request))
#21 /Users/versioncontrol/Sites/country-api/vendor/laravel/framework/src/Illuminate/Pipeline/Pipeline.php(144): Illuminate\\Foundation\\Http\\Kernel->Illuminate\\Foundation\\Http\\{closure}(Object(Illuminate\\Http\\Request))
#22 /Users/versioncontrol/Sites/country-api/vendor/laravel/framework/src/Illuminate/Http/Middleware/TrustProxies.php(57): Illuminate\\Pipeline\\Pipeline->Illuminate\\Pipeline\\{closure}(Object(Illuminate\\Http\\Request))
#23 /Users/versioncontrol/Sites/country-api/vendor/laravel/framework/src/Illuminate/Pipeline/Pipeline.php(183): Illuminate\\Http\\Middleware\\TrustProxies->handle(Object(Illuminate\\Http\\Request), Object(Closure))
#24 /Users/versioncontrol/Sites/country-api/vendor/laravel/framework/src/Illuminate/Foundation/Http/Middleware/TransformsRequest.php(21): Illuminate\\Pipeline\\Pipeline->Illuminate\\Pipeline\\{closure}(Object(Illuminate\\Http\\Request))
#25 /Users/versioncontrol/Sites/country-api/vendor/laravel/framework/src/Illuminate/Foundation/Http/Middleware/ConvertEmptyStringsToNull.php(31): Illuminate\\Foundation\\Http\\Middleware\\TransformsRequest->handle(Object(Illuminate\\Http\\Request), Object(Closure))
#26 /Users/versioncontrol/Sites/country-api/vendor/laravel/framework/src/Illuminate/Pipeline/Pipeline.php(183): Illuminate\\Foundation\\Http\\Middleware\\ConvertEmptyStringsToNull->handle(Object(Illuminate\\Http\\Request), Object(Closure))
#27 /Users/versioncontrol/Sites/country-api/vendor/laravel/framework/src/Illuminate/Foundation/Http/Middleware/TransformsRequest.php(21): Illuminate\\Pipeline\\Pipeline->Illuminate\\Pipeline\\{closure}(Object(Illuminate\\Http\\Request))
#28 /Users/versioncontrol/Sites/country-api/vendor/laravel/framework/src/Illuminate/Foundation/Http/Middleware/TrimStrings.php(50): Illuminate\\Foundation\\Http\\Middleware\\TransformsRequest->handle(Object(Illuminate\\Http\\Request), Object(Closure))
#29 /Users/versioncontrol/Sites/country-api/vendor/laravel/framework/src/Illuminate/Pipeline/Pipeline.php(183): Illuminate\\Foundation\\Http\\Middleware\\TrimStrings->handle(Object(Illuminate\\Http\\Request), Object(Closure))
#30 /Users/versioncontrol/Sites/country-api/vendor/laravel/framework/src/Illuminate/Http/Middleware/ValidatePostSize.php(27): Illuminate\\Pipeline\\Pipeline->Illuminate\\Pipeline\\{closure}(Object(Illuminate\\Http\\Request))
#31 /Users/versioncontrol/Sites/country-api/vendor/laravel/framework/src/Illuminate/Pipeline/Pipeline.php(183): Illuminate\\Http\\Middleware\\ValidatePostSize->handle(Object(Illuminate\\Http\\Request), Object(Closure))
#32 /Users/versioncontrol/Sites/country-api/vendor/laravel/framework/src/Illuminate/Foundation/Http/Middleware/PreventRequestsDuringMaintenance.php(103): Illuminate\\Pipeline\\Pipeline->Illuminate\\Pipeline\\{closure}(Object(Illuminate\\Http\\Request))
#33 /Users/versioncontrol/Sites/country-api/vendor/laravel/framework/src/Illuminate/Pipeline/Pipeline.php(183): Illuminate\\Foundation\\Http\\Middleware\\PreventRequestsDuringMaintenance->handle(Object(Illuminate\\Http\\Request), Object(Closure))
#34 /Users/versioncontrol/Sites/country-api/vendor/laravel/framework/src/Illuminate/Pipeline/Pipeline.php(119): Illuminate\\Pipeline\\Pipeline->Illuminate\\Pipeline\\{closure}(Object(Illuminate\\Http\\Request))
#35 /Users/versioncontrol/Sites/country-api/vendor/laravel/framework/src/Illuminate/Foundation/Http/Kernel.php(175): Illuminate\\Pipeline\\Pipeline->then(Object(Closure))
#36 /Users/versioncontrol/Sites/country-api/vendor/laravel/framework/src/Illuminate/Foundation/Http/Kernel.php(144): Illuminate\\Foundation\\Http\\Kernel->sendRequestThroughRouter(Object(Illuminate\\Http\\Request))
#37 /Users/versioncontrol/Sites/country-api/public/index.php(54): Illuminate\\Foundation\\Http\\Kernel->handle(Object(Illuminate\\Http\\Request))
#38 /Users/versioncontrol/Sites/country-api/server.php(21): require_once('/Users/versionc...')
#39 {main}
"} 
[2025-10-25 20:56:23] local.ERROR: Call to undefined method Intervention\Image\ImageManager::canvas() {"exception":"[object] (Error(code: 0): Call to undefined method Intervention\\Image\\ImageManager::canvas() at /Users/versioncontrol/Sites/country-api/app/Http/Controllers/CountryController.php:106)
[stacktrace]
#0 /Users/versioncontrol/Sites/country-api/vendor/laravel/framework/src/Illuminate/Database/Concerns/ManagesTransactions.php(30): App\\Http\\Controllers\\CountryController->App\\Http\\Controllers\\{closure}(Object(Illuminate\\Database\\PostgresConnection))
#1 /Users/versioncontrol/Sites/country-api/vendor/laravel/framework/src/Illuminate/Database/DatabaseManager.php(456): Illuminate\\Database\\Connection->transaction(Object(Closure))
#2 /Users/versioncontrol/Sites/country-api/vendor/laravel/framework/src/Illuminate/Support/Facades/Facade.php(357): Illuminate\\Database\\DatabaseManager->__call('transaction', Array)
#3 /Users/versioncontrol/Sites/country-api/app/Http/Controllers/CountryController.php(40): Illuminate\\Support\\Facades\\Facade::__callStatic('transaction', Array)
#4 /Users/versioncontrol/Sites/country-api/vendor/laravel/framework/src/Illuminate/Routing/Controller.php(54): App\\Http\\Controllers\\CountryController->refresh()
#5 /Users/versioncontrol/Sites/country-api/vendor/laravel/framework/src/Illuminate/Routing/ControllerDispatcher.php(43): Illuminate\\Routing\\Controller->callAction('refresh', Array)
#6 /Users/versioncontrol/Sites/country-api/vendor/laravel/framework/src/Illuminate/Routing/Route.php(260): Illuminate\\Routing\\ControllerDispatcher->dispatch(Object(Illuminate\\Routing\\Route), Object(App\\Http\\Controllers\\CountryController), 'refresh')
#7 /Users/versioncontrol/Sites/country-api/vendor/laravel/framework/src/Illuminate/Routing/Route.php(206): Illuminate\\Routing\\Route->runController()
#8 /Users/versioncontrol/Sites/country-api/vendor/laravel/framework/src/Illuminate/Routing/Router.php(806): Illuminate\\Routing\\Route->run()
#9 /Users/versioncontrol/Sites/country-api/vendor/laravel/framework/src/Illuminate/Pipeline/Pipeline.php(144): Illuminate\\Routing\\Router->Illuminate\\Routing\\{closure}(Object(Illuminate\\Http\\Request))
#10 /Users/versioncontrol/Sites/country-api/vendor/laravel/framework/src/Illuminate/Routing/Middleware/SubstituteBindings.php(50): Illuminate\\Pipeline\\Pipeline->Illuminate\\Pipeline\\{closure}(Object(Illuminate\\Http\\Request))
#11 /Users/versioncontrol/Sites/country-api/vendor/laravel/framework/src/Illuminate/Pipeline/Pipeline.php(183): Illuminate\\Routing\\Middleware\\SubstituteBindings->handle(Object(Illuminate\\Http\\Request), Object(Closure))
#12 /Users/versioncontrol/Sites/country-api/vendor/laravel/framework/src/Illuminate/Routing/Middleware/ThrottleRequests.php(159): Illuminate\\Pipeline\\Pipeline->Illuminate\\Pipeline\\{closure}(Object(Illuminate\\Http\\Request))
#13 /Users/versioncontrol/Sites/country-api/vendor/laravel/framework/src/Illuminate/Routing/Middleware/ThrottleRequests.php(90): Illuminate\\Routing\\Middleware\\ThrottleRequests->handleRequest(Object(Illuminate\\Http\\Request), Object(Closure), Array)
#14 /Users/versioncontrol/Sites/country-api/vendor/laravel/framework/src/Illuminate/Pipeline/Pipeline.php(183): Illuminate\\Routing\\Middleware\\ThrottleRequests->handle(Object(Illuminate\\Http\\Request), Object(Closure), '60', '1')
#15 /Users/versioncontrol/Sites/country-api/vendor/laravel/framework/src/Illuminate/Pipeline/Pipeline.php(119): Illuminate\\Pipeline\\Pipeline->Illuminate\\Pipeline\\{closure}(Object(Illuminate\\Http\\Request))
#16 /Users/versioncontrol/Sites/country-api/vendor/laravel/framework/src/Illuminate/Routing/Router.php(805): Illuminate\\Pipeline\\Pipeline->then(Object(Closure))
#17 /Users/versioncontrol/Sites/country-api/vendor/laravel/framework/src/Illuminate/Routing/Router.php(784): Illuminate\\Routing\\Router->runRouteWithinStack(Object(Illuminate\\Routing\\Route), Object(Illuminate\\Http\\Request))
#18 /Users/versioncontrol/Sites/country-api/vendor/laravel/framework/src/Illuminate/Routing/Router.php(748): Illuminate\\Routing\\Router->runRoute(Object(Illuminate\\Http\\Request), Object(Illuminate\\Routing\\Route))
#19 /Users/versioncontrol/Sites/country-api/vendor/laravel/framework/src/Illuminate/Routing/Router.php(737): Illuminate\\Routing\\Router->dispatchToRoute(Object(Illuminate\\Http\\Request))
#20 /Users/versioncontrol/Sites/country-api/vendor/laravel/framework/src/Illuminate/Foundation/Http/Kernel.php(200): Illuminate\\Routing\\Router->dispatch(Object(Illuminate\\Http\\Request))
#21 /Users/versioncontrol/Sites/country-api/vendor/laravel/framework/src/Illuminate/Pipeline/Pipeline.php(144): Illuminate\\Foundation\\Http\\Kernel->Illuminate\\Foundation\\Http\\{closure}(Object(Illuminate\\Http\\Request))
#22 /Users/versioncontrol/Sites/country-api/vendor/laravel/framework/src/Illuminate/Http/Middleware/TrustProxies.php(57): Illuminate\\Pipeline\\Pipeline->Illuminate\\Pipeline\\{closure}(Object(Illuminate\\Http\\Request))
#23 /Users/versioncontrol/Sites/country-api/vendor/laravel/framework/src/Illuminate/Pipeline/Pipeline.php(183): Illuminate\\Http\\Middleware\\TrustProxies->handle(Object(Illuminate\\Http\\Request), Object(Closure))
#24 /Users/versioncontrol/Sites/country-api/vendor/laravel/framework/src/Illuminate/Foundation/Http/Middleware/TransformsRequest.php(21): Illuminate\\Pipeline\\Pipeline->Illuminate\\Pipeline\\{closure}(Object(Illuminate\\Http\\Request))
#25 /Users/versioncontrol/Sites/country-api/vendor/laravel/framework/src/Illuminate/Foundation/Http/Middleware/ConvertEmptyStringsToNull.php(31): Illuminate\\Foundation\\Http\\Middleware\\TransformsRequest->handle(Object(Illuminate\\Http\\Request), Object(Closure))
#26 /Users/versioncontrol/Sites/country-api/vendor/laravel/framework/src/Illuminate/Pipeline/Pipeline.php(183): Illuminate\\Foundation\\Http\\Middleware\\ConvertEmptyStringsToNull->handle(Object(Illuminate\\Http\\Request), Object(Closure))
#27 /Users/versioncontrol/Sites/country-api/vendor/laravel/framework/src/Illuminate/Foundation/Http/Middleware/TransformsRequest.php(21): Illuminate\\Pipeline\\Pipeline->Illuminate\\Pipeline\\{closure}(Object(Illuminate\\Http\\Request))
#28 /Users/versioncontrol/Sites/country-api/vendor/laravel/framework/src/Illuminate/Foundation/Http/Middleware/TrimStrings.php(50): Illuminate\\Foundation\\Http\\Middleware\\TransformsRequest->handle(Object(Illuminate\\Http\\Request), Object(Closure))
#29 /Users/versioncontrol/Sites/country-api/vendor/laravel/framework/src/Illuminate/Pipeline/Pipeline.php(183): Illuminate\\Foundation\\Http\\Middleware\\TrimStrings->handle(Object(Illuminate\\Http\\Request), Object(Closure))
#30 /Users/versioncontrol/Sites/country-api/vendor/laravel/framework/src/Illuminate/Http/Middleware/ValidatePostSize.php(27): Illuminate\\Pipeline\\Pipeline->Illuminate\\Pipeline\\{closure}(Object(Illuminate\\Http\\Request))
#31 /Users/versioncontrol/Sites/country-api/vendor/laravel/framework/src/Illuminate/Pipeline/Pipeline.php(183): Illuminate\\Http\\Middleware\\ValidatePostSize->handle(Object(Illuminate\\Http\\Request), Object(Closure))
#32 /Users/versioncontrol/Sites/country-api/vendor/laravel/framework/src/Illuminate/Foundation/Http/Middleware/PreventRequestsDuringMaintenance.php(103): Illuminate\\Pipeline\\Pipeline->Illuminate\\Pipeline\\{closure}(Object(Illuminate\\Http\\Request))
#33 /Users/versioncontrol/Sites/country-api/vendor/laravel/framework/src/Illuminate/Pipeline/Pipeline.php(183): Illuminate\\Foundation\\Http\\Middleware\\PreventRequestsDuringMaintenance->handle(Object(Illuminate\\Http\\Request), Object(Closure))
#34 /Users/versioncontrol/Sites/country-api/vendor/laravel/framework/src/Illuminate/Pipeline/Pipeline.php(119): Illuminate\\Pipeline\\Pipeline->Illuminate\\Pipeline\\{closure}(Object(Illuminate\\Http\\Request))
#35 /Users/versioncontrol/Sites/country-api/vendor/laravel/framework/src/Illuminate/Foundation/Http/Kernel.php(175): Illuminate\\Pipeline\\Pipeline->then(Object(Closure))
#36 /Users/versioncontrol/Sites/country-api/vendor/laravel/framework/src/Illuminate/Foundation/Http/Kernel.php(144): Illuminate\\Foundation\\Http\\Kernel->sendRequestThroughRouter(Object(Illuminate\\Http\\Request))
#37 /Users/versioncontrol/Sites/country-api/public/index.php(54): Illuminate\\Foundation\\Http\\Kernel->handle(Object(Illuminate\\Http\\Request))
#38 /Users/versioncontrol/Sites/country-api/server.php(21): require_once('/Users/versionc...')
#39 {main}
"} 
[2025-10-25 21:27:01] local.ERROR: Intervention\Image\Image::encode(): Argument #1 ($encoder) must be of type Intervention\Image\Interfaces\EncoderInterface, string given, called in /Users/versioncontrol/Sites/country-api/app/Http/Controllers/CountryController.php on line 151 {"exception":"[object] (TypeError(code: 0): Intervention\\Image\\Image::encode(): Argument #1 ($encoder) must be of type Intervention\\Image\\Interfaces\\EncoderInterface, string given, called in /Users/versioncontrol/Sites/country-api/app/Http/Controllers/CountryController.php on line 151 at /Users/versioncontrol/Sites/country-api/vendor/intervention/image/src/Image.php:285)
[stacktrace]
#0 /Users/versioncontrol/Sites/country-api/app/Http/Controllers/CountryController.php(151): Intervention\\Image\\Image->encode('png')
#1 /Users/versioncontrol/Sites/country-api/vendor/laravel/framework/src/Illuminate/Database/Concerns/ManagesTransactions.php(30): App\\Http\\Controllers\\CountryController->App\\Http\\Controllers\\{closure}(Object(Illuminate\\Database\\PostgresConnection))
#2 /Users/versioncontrol/Sites/country-api/vendor/laravel/framework/src/Illuminate/Database/DatabaseManager.php(456): Illuminate\\Database\\Connection->transaction(Object(Closure))
#3 /Users/versioncontrol/Sites/country-api/vendor/laravel/framework/src/Illuminate/Support/Facades/Facade.php(357): Illuminate\\Database\\DatabaseManager->__call('transaction', Array)
#4 /Users/versioncontrol/Sites/country-api/app/Http/Controllers/CountryController.php(42): Illuminate\\Support\\Facades\\Facade::__callStatic('transaction', Array)
#5 /Users/versioncontrol/Sites/country-api/vendor/laravel/framework/src/Illuminate/Routing/Controller.php(54): App\\Http\\Controllers\\CountryController->refresh()
#6 /Users/versioncontrol/Sites/country-api/vendor/laravel/framework/src/Illuminate/Routing/ControllerDispatcher.php(43): Illuminate\\Routing\\Controller->callAction('refresh', Array)
#7 /Users/versioncontrol/Sites/country-api/vendor/laravel/framework/src/Illuminate/Routing/Route.php(260): Illuminate\\Routing\\ControllerDispatcher->dispatch(Object(Illuminate\\Routing\\Route), Object(App\\Http\\Controllers\\CountryController), 'refresh')
#8 /Users/versioncontrol/Sites/country-api/vendor/laravel/framework/src/Illuminate/Routing/Route.php(206): Illuminate\\Routing\\Route->runController()
#9 /Users/versioncontrol/Sites/country-api/vendor/laravel/framework/src/Illuminate/Routing/Router.php(806): Illuminate\\Routing\\Route->run()
#10 /Users/versioncontrol/Sites/country-api/vendor/laravel/framework/src/Illuminate/Pipeline/Pipeline.php(144): Illuminate\\Routing\\Router->Illuminate\\Routing\\{closure}(Object(Illuminate\\Http\\Request))
#11 /Users/versioncontrol/Sites/country-api/vendor/laravel/framework/src/Illuminate/Routing/Middleware/SubstituteBindings.php(50): Illuminate\\Pipeline\\Pipeline->Illuminate\\Pipeline\\{closure}(Object(Illuminate\\Http\\Request))
#12 /Users/versioncontrol/Sites/country-api/vendor/laravel/framework/src/Illuminate/Pipeline/Pipeline.php(183): Illuminate\\Routing\\Middleware\\SubstituteBindings->handle(Object(Illuminate\\Http\\Request), Object(Closure))
#13 /Users/versioncontrol/Sites/country-api/vendor/laravel/framework/src/Illuminate/Routing/Middleware/ThrottleRequests.php(159): Illuminate\\Pipeline\\Pipeline->Illuminate\\Pipeline\\{closure}(Object(Illuminate\\Http\\Request))
#14 /Users/versioncontrol/Sites/country-api/vendor/laravel/framework/src/Illuminate/Routing/Middleware/ThrottleRequests.php(90): Illuminate\\Routing\\Middleware\\ThrottleRequests->handleRequest(Object(Illuminate\\Http\\Request), Object(Closure), Array)
#15 /Users/versioncontrol/Sites/country-api/vendor/laravel/framework/src/Illuminate/Pipeline/Pipeline.php(183): Illuminate\\Routing\\Middleware\\ThrottleRequests->handle(Object(Illuminate\\Http\\Request), Object(Closure), '60', '1')
#16 /Users/versioncontrol/Sites/country-api/vendor/laravel/framework/src/Illuminate/Pipeline/Pipeline.php(119): Illuminate\\Pipeline\\Pipeline->Illuminate\\Pipeline\\{closure}(Object(Illuminate\\Http\\Request))
#17 /Users/versioncontrol/Sites/country-api/vendor/laravel/framework/src/Illuminate/Routing/Router.php(805): Illuminate\\Pipeline\\Pipeline->then(Object(Closure))
#18 /Users/versioncontrol/Sites/country-api/vendor/laravel/framework/src/Illuminate/Routing/Router.php(784): Illuminate\\Routing\\Router->runRouteWithinStack(Object(Illuminate\\Routing\\Route), Object(Illuminate\\Http\\Request))
#19 /Users/versioncontrol/Sites/country-api/vendor/laravel/framework/src/Illuminate/Routing/Router.php(748): Illuminate\\Routing\\Router->runRoute(Object(Illuminate\\Http\\Request), Object(Illuminate\\Routing\\Route))
#20 /Users/versioncontrol/Sites/country-api/vendor/laravel/framework/src/Illuminate/Routing/Router.php(737): Illuminate\\Routing\\Router->dispatchToRoute(Object(Illuminate\\Http\\Request))
#21 /Users/versioncontrol/Sites/country-api/vendor/laravel/framework/src/Illuminate/Foundation/Http/Kernel.php(200): Illuminate\\Routing\\Router->dispatch(Object(Illuminate\\Http\\Request))
#22 /Users/versioncontrol/Sites/country-api/vendor/laravel/framework/src/Illuminate/Pipeline/Pipeline.php(144): Illuminate\\Foundation\\Http\\Kernel->Illuminate\\Foundation\\Http\\{closure}(Object(Illuminate\\Http\\Request))
#23 /Users/versioncontrol/Sites/country-api/vendor/laravel/framework/src/Illuminate/Http/Middleware/TrustProxies.php(57): Illuminate\\Pipeline\\Pipeline->Illuminate\\Pipeline\\{closure}(Object(Illuminate\\Http\\Request))
#24 /Users/versioncontrol/Sites/country-api/vendor/laravel/framework/src/Illuminate/Pipeline/Pipeline.php(183): Illuminate\\Http\\Middleware\\TrustProxies->handle(Object(Illuminate\\Http\\Request), Object(Closure))
#25 /Users/versioncontrol/Sites/country-api/vendor/laravel/framework/src/Illuminate/Foundation/Http/Middleware/TransformsRequest.php(21): Illuminate\\Pipeline\\Pipeline->Illuminate\\Pipeline\\{closure}(Object(Illuminate\\Http\\Request))
#26 /Users/versioncontrol/Sites/country-api/vendor/laravel/framework/src/Illuminate/Foundation/Http/Middleware/ConvertEmptyStringsToNull.php(31): Illuminate\\Foundation\\Http\\Middleware\\TransformsRequest->handle(Object(Illuminate\\Http\\Request), Object(Closure))
#27 /Users/versioncontrol/Sites/country-api/vendor/laravel/framework/src/Illuminate/Pipeline/Pipeline.php(183): Illuminate\\Foundation\\Http\\Middleware\\ConvertEmptyStringsToNull->handle(Object(Illuminate\\Http\\Request), Object(Closure))
#28 /Users/versioncontrol/Sites/country-api/vendor/laravel/framework/src/Illuminate/Foundation/Http/Middleware/TransformsRequest.php(21): Illuminate\\Pipeline\\Pipeline->Illuminate\\Pipeline\\{closure}(Object(Illuminate\\Http\\Request))
#29 /Users/versioncontrol/Sites/country-api/vendor/laravel/framework/src/Illuminate/Foundation/Http/Middleware/TrimStrings.php(50): Illuminate\\Foundation\\Http\\Middleware\\TransformsRequest->handle(Object(Illuminate\\Http\\Request), Object(Closure))
#30 /Users/versioncontrol/Sites/country-api/vendor/laravel/framework/src/Illuminate/Pipeline/Pipeline.php(183): Illuminate\\Foundation\\Http\\Middleware\\TrimStrings->handle(Object(Illuminate\\Http\\Request), Object(Closure))
#31 /Users/versioncontrol/Sites/country-api/vendor/laravel/framework/src/Illuminate/Http/Middleware/ValidatePostSize.php(27): Illuminate\\Pipeline\\Pipeline->Illuminate\\Pipeline\\{closure}(Object(Illuminate\\Http\\Request))
#32 /Users/versioncontrol/Sites/country-api/vendor/laravel/framework/src/Illuminate/Pipeline/Pipeline.php(183): Illuminate\\Http\\Middleware\\ValidatePostSize->handle(Object(Illuminate\\Http\\Request), Object(Closure))
#33 /Users/versioncontrol/Sites/country-api/vendor/laravel/framework/src/Illuminate/Foundation/Http/Middleware/PreventRequestsDuringMaintenance.php(103): Illuminate\\Pipeline\\Pipeline->Illuminate\\Pipeline\\{closure}(Object(Illuminate\\Http\\Request))
#34 /Users/versioncontrol/Sites/country-api/vendor/laravel/framework/src/Illuminate/Pipeline/Pipeline.php(183): Illuminate\\Foundation\\Http\\Middleware\\PreventRequestsDuringMaintenance->handle(Object(Illuminate\\Http\\Request), Object(Closure))
#35 /Users/versioncontrol/Sites/country-api/vendor/laravel/framework/src/Illuminate/Pipeline/Pipeline.php(119): Illuminate\\Pipeline\\Pipeline->Illuminate\\Pipeline\\{closure}(Object(Illuminate\\Http\\Request))
#36 /Users/versioncontrol/Sites/country-api/vendor/laravel/framework/src/Illuminate/Foundation/Http/Kernel.php(175): Illuminate\\Pipeline\\Pipeline->then(Object(Closure))
#37 /Users/versioncontrol/Sites/country-api/vendor/laravel/framework/src/Illuminate/Foundation/Http/Kernel.php(144): Illuminate\\Foundation\\Http\\Kernel->sendRequestThroughRouter(Object(Illuminate\\Http\\Request))
#38 /Users/versioncontrol/Sites/country-api/public/index.php(54): Illuminate\\Foundation\\Http\\Kernel->handle(Object(Illuminate\\Http\\Request))
#39 /Users/versioncontrol/Sites/country-api/server.php(21): require_once('/Users/versionc...')
#40 {main}
"} 
